<?xml version="1.0" encoding="UTF-8"?>
<!-- Generated by org.testng.reporters.JUnitXMLReporter -->
<testsuite ignored="0" hostname="MSI" failures="1" tests="2" name="Surefire test" time="36.372" errors="0" timestamp="2020-12-16T16:44:20 MSK">
  <testcase classname="test.TestPageObjectWebDriver" name="TestPriceOfProductAndDeliveringInCart" time="16.938">
    <failure type="java.lang.AssertionError" message="The following asserts failed:
	expected [53.74] but found [11.36]">
      <![CDATA[java.lang.AssertionError: The following asserts failed:
expected [53.74] but found [11.36]
at test.TestPageObjectWebDriver.TestPriceOfProductAndDeliveringInCart(TestPageObjectWebDriver.java:48)
at java.base/java.util.ArrayList.forEach(ArrayList.java:1541)
... Removed 34 stack frames]]>
    </failure>
  </testcase> <!-- TestPriceOfProductAndDeliveringInCart -->
  <testcase classname="test.UserAccessTest" name="userCanLoginTest" time="11.642"/>
</testsuite> <!-- Surefire test -->
