<?xml version="1.0" encoding="UTF-8"?>
<!-- Generated by org.testng.reporters.JUnitXMLReporter -->
<testsuite hostname="MSI" ignored="0" tests="1" failures="1" timestamp="2020-12-16T12:49:03 MSK" time="19.201" errors="0">
  <testcase name="TestAddProductToCart" time="15.858" classname="WebDriverTest">
    <failure type="java.lang.AssertionError" message="The following asserts failed:
	expected [53.74] but found [53.75]">
      <![CDATA[java.lang.AssertionError: The following asserts failed:
expected [53.74] but found [53.75]
at WebDriverTest.TestAddProductToCart(WebDriverTest.java:61)
at java.util.ArrayList.forEach(ArrayList.java:1259)
... Removed 34 stack frames]]>
    </failure>
  </testcase> <!-- TestAddProductToCart -->
</testsuite>
