<?xml version="1.0" encoding="UTF-8"?>
<!-- Generated by org.testng.reporters.JUnitReportReporter -->
<testsuite hostname="MSI" failures="0" tests="3" name="test.UserAccessTest" time="601.767" errors="2" timestamp="2020-12-16T15:37:22 MSK" skipped="1">
  <testcase classname="test.UserAccessTest" name="closeBrowser" time="0.000">
    <error type="java.lang.NullPointerException">
      <![CDATA[java.lang.NullPointerException
at test.UserAccessTest.closeBrowser(UserAccessTest.java:49)
at java.base/jdk.internal.reflect.NativeMethodAccessorImpl.invoke0(Native Method)
at java.base/jdk.internal.reflect.NativeMethodAccessorImpl.invoke(NativeMethodAccessorImpl.java:62)
at java.base/jdk.internal.reflect.DelegatingMethodAccessorImpl.invoke(DelegatingMethodAccessorImpl.java:43)
at java.base/java.lang.reflect.Method.invoke(Method.java:566)
at org.testng.internal.MethodInvocationHelper.invokeMethod(MethodInvocationHelper.java:132)
at org.testng.internal.MethodInvocationHelper.invokeMethodConsideringTimeout(MethodInvocationHelper.java:61)
at org.testng.internal.ConfigInvoker.invokeConfigurationMethod(ConfigInvoker.java:366)
at org.testng.internal.ConfigInvoker.invokeConfigurations(ConfigInvoker.java:320)
at org.testng.TestRunner.invokeTestConfigurations(TestRunner.java:617)
at org.testng.TestRunner.afterRun(TestRunner.java:847)
at org.testng.TestRunner.run(TestRunner.java:588)
at org.testng.SuiteRunner.runTest(SuiteRunner.java:384)
at org.testng.SuiteRunner.runSequentially(SuiteRunner.java:378)
at org.testng.SuiteRunner.privateRun(SuiteRunner.java:337)
at org.testng.SuiteRunner.run(SuiteRunner.java:286)
at org.testng.SuiteRunnerWorker.runSuite(SuiteRunnerWorker.java:53)
at org.testng.SuiteRunnerWorker.run(SuiteRunnerWorker.java:96)
at org.testng.TestNG.runSuitesSequentially(TestNG.java:1218)
at org.testng.TestNG.runSuitesLocally(TestNG.java:1140)
at org.testng.TestNG.runSuites(TestNG.java:1069)
at org.testng.TestNG.run(TestNG.java:1037)
at org.apache.maven.surefire.testng.TestNGExecutor.run(TestNGExecutor.java:135)
at org.apache.maven.surefire.testng.TestNGDirectoryTestSuite.executeMulti(TestNGDirectoryTestSuite.java:193)
at org.apache.maven.surefire.testng.TestNGDirectoryTestSuite.execute(TestNGDirectoryTestSuite.java:94)
at org.apache.maven.surefire.testng.TestNGProvider.invoke(TestNGProvider.java:146)
at org.apache.maven.surefire.booter.ForkedBooter.invokeProviderInSameClassLoader(ForkedBooter.java:384)
at org.apache.maven.surefire.booter.ForkedBooter.runSuitesInProcess(ForkedBooter.java:345)
at org.apache.maven.surefire.booter.ForkedBooter.execute(ForkedBooter.java:126)
at org.apache.maven.surefire.booter.ForkedBooter.main(ForkedBooter.java:418)
]]>
    </error>
  </testcase> <!-- closeBrowser -->
  <system-out/>
  <testcase classname="test.UserAccessTest" name="setBrowserOptions" time="601.767">
    <error message="session not created
from timeout: Timed out receiving message from renderer: 600.000
  (Session info: chrome=87.0.4280.88)
Build info: version: &#039;3.141.59&#039;, revision: &#039;e82be7d358&#039;, time: &#039;2018-11-14T08:17:03&#039;
System info: host: &#039;MSI&#039;, ip: &#039;192.168.137.1&#039;, os.name: &#039;Windows 10&#039;, os.arch: &#039;amd64&#039;, os.version: &#039;10.0&#039;, java.version: &#039;11.0.8&#039;
Driver info: driver.version: ChromeDriver
remote stacktrace: Backtrace:
	Ordinal0 [0x007FC0C3+3326147]
	Ordinal0 [0x006E0851+2164817]
	Ordinal0 [0x00567298+619160]
	Ordinal0 [0x0055B17F+569727]
	Ordinal0 [0x0055A421+566305]
	Ordinal0 [0x0055A815+567317]
	Ordinal0 [0x0055A135+565557]
	Ordinal0 [0x0055FEF0+589552]
	Ordinal0 [0x0055A0F1+565489]
	Ordinal0 [0x0055AEA2+568994]
	Ordinal0 [0x0055A421+566305]
	Ordinal0 [0x0055A815+567317]
	Ordinal0 [0x0055A135+565557]
	Ordinal0 [0x0055F075+585845]
	Ordinal0 [0x0055A0F1+565489]
	Ordinal0 [0x0055AEA2+568994]
	Ordinal0 [0x0055A421+566305]
	Ordinal0 [0x0055A815+567317]
	Ordinal0 [0x0055A135+565557]
	Ordinal0 [0x00556776+550774]
	Ordinal0 [0x0055A0F1+565489]
	Ordinal0 [0x00559F13+565011]
	Ordinal0 [0x00559D07+564487]
	Ordinal0 [0x005682C0+623296]
	Ordinal0 [0x00506BDD+224221]
	Ordinal0 [0x00505CAC+220332]
	Ordinal0 [0x0050189B+202907]
	Ordinal0 [0x004E3DF4+81396]
	Ordinal0 [0x004E4DEE+85486]
	Ordinal0 [0x004E4D79+85369]
	Ordinal0 [0x006F85DC+2262492]
	GetHandleVerifier [0x00982874+1487204]
	GetHandleVerifier [0x009823CD+1486013]
	GetHandleVerifier [0x0098A368+1518680]
	GetHandleVerifier [0x00982F4E+1488958]
	Ordinal0 [0x006EED0D+2223373]
	Ordinal0 [0x006FA12B+2269483]
	Ordinal0 [0x006FA26F+2269807]
	Ordinal0 [0x0070ECB8+2354360]
	BaseThreadInitThunk [0x77C2FA29+25]
	RtlGetAppContainerNamedObjectPath [0x77E375F4+228]
	RtlGetAppContainerNamedObjectPath [0x77E375C4+180]
" type="org.openqa.selenium.SessionNotCreatedException">
      <![CDATA[org.openqa.selenium.SessionNotCreatedException: session not created
from timeout: Timed out receiving message from renderer: 600.000
  (Session info: chrome=87.0.4280.88)
Build info: version: '3.141.59', revision: 'e82be7d358', time: '2018-11-14T08:17:03'
System info: host: 'MSI', ip: '192.168.137.1', os.name: 'Windows 10', os.arch: 'amd64', os.version: '10.0', java.version: '11.0.8'
Driver info: driver.version: ChromeDriver
remote stacktrace: Backtrace:
Ordinal0 [0x007FC0C3+3326147]
Ordinal0 [0x006E0851+2164817]
Ordinal0 [0x00567298+619160]
Ordinal0 [0x0055B17F+569727]
Ordinal0 [0x0055A421+566305]
Ordinal0 [0x0055A815+567317]
Ordinal0 [0x0055A135+565557]
Ordinal0 [0x0055FEF0+589552]
Ordinal0 [0x0055A0F1+565489]
Ordinal0 [0x0055AEA2+568994]
Ordinal0 [0x0055A421+566305]
Ordinal0 [0x0055A815+567317]
Ordinal0 [0x0055A135+565557]
Ordinal0 [0x0055F075+585845]
Ordinal0 [0x0055A0F1+565489]
Ordinal0 [0x0055AEA2+568994]
Ordinal0 [0x0055A421+566305]
Ordinal0 [0x0055A815+567317]
Ordinal0 [0x0055A135+565557]
Ordinal0 [0x00556776+550774]
Ordinal0 [0x0055A0F1+565489]
Ordinal0 [0x00559F13+565011]
Ordinal0 [0x00559D07+564487]
Ordinal0 [0x005682C0+623296]
Ordinal0 [0x00506BDD+224221]
Ordinal0 [0x00505CAC+220332]
Ordinal0 [0x0050189B+202907]
Ordinal0 [0x004E3DF4+81396]
Ordinal0 [0x004E4DEE+85486]
Ordinal0 [0x004E4D79+85369]
Ordinal0 [0x006F85DC+2262492]
GetHandleVerifier [0x00982874+1487204]
GetHandleVerifier [0x009823CD+1486013]
GetHandleVerifier [0x0098A368+1518680]
GetHandleVerifier [0x00982F4E+1488958]
Ordinal0 [0x006EED0D+2223373]
Ordinal0 [0x006FA12B+2269483]
Ordinal0 [0x006FA26F+2269807]
Ordinal0 [0x0070ECB8+2354360]
BaseThreadInitThunk [0x77C2FA29+25]
RtlGetAppContainerNamedObjectPath [0x77E375F4+228]
RtlGetAppContainerNamedObjectPath [0x77E375C4+180]

at java.base/jdk.internal.reflect.NativeConstructorAccessorImpl.newInstance0(Native Method)
at java.base/jdk.internal.reflect.NativeConstructorAccessorImpl.newInstance(NativeConstructorAccessorImpl.java:62)
at java.base/jdk.internal.reflect.DelegatingConstructorAccessorImpl.newInstance(DelegatingConstructorAccessorImpl.java:45)
at java.base/java.lang.reflect.Constructor.newInstance(Constructor.java:490)
at org.openqa.selenium.remote.W3CHandshakeResponse.lambda$errorHandler$0(W3CHandshakeResponse.java:62)
at org.openqa.selenium.remote.HandshakeResponse.lambda$getResponseFunction$0(HandshakeResponse.java:30)
at org.openqa.selenium.remote.ProtocolHandshake.lambda$createSession$0(ProtocolHandshake.java:126)
at java.base/java.util.stream.ReferencePipeline$3$1.accept(ReferencePipeline.java:195)
at java.base/java.util.Spliterators$ArraySpliterator.tryAdvance(Spliterators.java:958)
at java.base/java.util.stream.ReferencePipeline.forEachWithCancel(ReferencePipeline.java:127)
at java.base/java.util.stream.AbstractPipeline.copyIntoWithCancel(AbstractPipeline.java:502)
at java.base/java.util.stream.AbstractPipeline.copyInto(AbstractPipeline.java:488)
at java.base/java.util.stream.AbstractPipeline.wrapAndCopyInto(AbstractPipeline.java:474)
at java.base/java.util.stream.FindOps$FindOp.evaluateSequential(FindOps.java:150)
at java.base/java.util.stream.AbstractPipeline.evaluate(AbstractPipeline.java:234)
at java.base/java.util.stream.ReferencePipeline.findFirst(ReferencePipeline.java:543)
at org.openqa.selenium.remote.ProtocolHandshake.createSession(ProtocolHandshake.java:128)
at org.openqa.selenium.remote.ProtocolHandshake.createSession(ProtocolHandshake.java:74)
at org.openqa.selenium.remote.HttpCommandExecutor.execute(HttpCommandExecutor.java:136)
at org.openqa.selenium.remote.service.DriverCommandExecutor.execute(DriverCommandExecutor.java:83)
at org.openqa.selenium.remote.RemoteWebDriver.execute(RemoteWebDriver.java:552)
at org.openqa.selenium.remote.RemoteWebDriver.startSession(RemoteWebDriver.java:213)
at org.openqa.selenium.remote.RemoteWebDriver.<init>(RemoteWebDriver.java:131)
at org.openqa.selenium.chrome.ChromeDriver.<init>(ChromeDriver.java:181)
at org.openqa.selenium.chrome.ChromeDriver.<init>(ChromeDriver.java:168)
at org.openqa.selenium.chrome.ChromeDriver.<init>(ChromeDriver.java:157)
at test.UserAccessTest.setBrowserOptions(UserAccessTest.java:33)
at java.base/jdk.internal.reflect.NativeMethodAccessorImpl.invoke0(Native Method)
at java.base/jdk.internal.reflect.NativeMethodAccessorImpl.invoke(NativeMethodAccessorImpl.java:62)
at java.base/jdk.internal.reflect.DelegatingMethodAccessorImpl.invoke(DelegatingMethodAccessorImpl.java:43)
at java.base/java.lang.reflect.Method.invoke(Method.java:566)
at org.testng.internal.MethodInvocationHelper.invokeMethod(MethodInvocationHelper.java:132)
at org.testng.internal.MethodInvocationHelper.invokeMethodConsideringTimeout(MethodInvocationHelper.java:61)
at org.testng.internal.ConfigInvoker.invokeConfigurationMethod(ConfigInvoker.java:366)
at org.testng.internal.ConfigInvoker.invokeConfigurations(ConfigInvoker.java:320)
at org.testng.TestRunner.invokeTestConfigurations(TestRunner.java:617)
at org.testng.TestRunner.beforeRun(TestRunner.java:607)
at org.testng.TestRunner.run(TestRunner.java:578)
at org.testng.SuiteRunner.runTest(SuiteRunner.java:384)
at org.testng.SuiteRunner.runSequentially(SuiteRunner.java:378)
at org.testng.SuiteRunner.privateRun(SuiteRunner.java:337)
at org.testng.SuiteRunner.run(SuiteRunner.java:286)
at org.testng.SuiteRunnerWorker.runSuite(SuiteRunnerWorker.java:53)
at org.testng.SuiteRunnerWorker.run(SuiteRunnerWorker.java:96)
at org.testng.TestNG.runSuitesSequentially(TestNG.java:1218)
at org.testng.TestNG.runSuitesLocally(TestNG.java:1140)
at org.testng.TestNG.runSuites(TestNG.java:1069)
at org.testng.TestNG.run(TestNG.java:1037)
at org.apache.maven.surefire.testng.TestNGExecutor.run(TestNGExecutor.java:135)
at org.apache.maven.surefire.testng.TestNGDirectoryTestSuite.executeMulti(TestNGDirectoryTestSuite.java:193)
at org.apache.maven.surefire.testng.TestNGDirectoryTestSuite.execute(TestNGDirectoryTestSuite.java:94)
at org.apache.maven.surefire.testng.TestNGProvider.invoke(TestNGProvider.java:146)
at org.apache.maven.surefire.booter.ForkedBooter.invokeProviderInSameClassLoader(ForkedBooter.java:384)
at org.apache.maven.surefire.booter.ForkedBooter.runSuitesInProcess(ForkedBooter.java:345)
at org.apache.maven.surefire.booter.ForkedBooter.execute(ForkedBooter.java:126)
at org.apache.maven.surefire.booter.ForkedBooter.main(ForkedBooter.java:418)
]]>
    </error>
  </testcase> <!-- setBrowserOptions -->
  <system-out/>
  <testcase classname="test.UserAccessTest" name="userCanLoginTest" time="0.000">
    <skipped/>
  </testcase> <!-- userCanLoginTest -->
  <system-out/>
</testsuite> <!-- test.UserAccessTest -->
