-------------------------------------------------------------------------------
Test set: WebDriverTest
-------------------------------------------------------------------------------
Tests run: 1, Failures: 1, Errors: 0, Skipped: 0, Time elapsed: 19.971 s <<< FAILURE! - in WebDriverTest
TestAddProductToCart(WebDriverTest)  Time elapsed: 15.867 s  <<< FAILURE!
java.lang.AssertionError: 
The following asserts failed:
	expected [53.74] but found [53.75]
	at WebDriverTest.TestAddProductToCart(WebDriverTest.java:61)

