<!DOCTYPE html PUBLIC "-//W3C//DTD XHTML 1.1//EN" "https://www.w3.org/TR/xhtml11/DTD/xhtml11.dtd">
<html xmlns="https://www.w3.org/1999/xhtml">
<head>
<meta http-equiv="content-type" content="text/html; charset=UTF-8"/>
<title>TestNG Report</title>
<style type="text/css">table {margin-bottom:10px;border-collapse:collapse;empty-cells:show}th,td {border:1px solid #009;padding:.25em .5em}th {vertical-align:bottom}td {vertical-align:top}table a {font-weight:bold}.stripe td {background-color: #E6EBF9}.num {text-align:right}.passedodd td {background-color: #3F3}.passedeven td {background-color: #0A0}.skippedodd td {background-color: #DDD}.skippedeven td {background-color: #CCC}.failedodd td,.attn {background-color: #F33}.failedeven td,.stripe .attn {background-color: #D00}.stacktrace {white-space:pre;font-family:monospace}.totop {font-size:85%;text-align:center;border-bottom:2px solid #000}.invisible {display:none}</style>
</head>
<body>
<table>
<tr><th>Test</th><th># Passed</th><th># Skipped</th><th># Retried</th><th># Failed</th><th>Time (ms)</th><th>Included Groups</th><th>Excluded Groups</th></tr>
<tr><th colspan="8">Surefire suite</th></tr>
<tr><td><a href="#t0">Surefire test</a></td><td class="num">0</td><td class="num attn">2</td><td class="num">0</td><td class="num">0</td><td class="num">605Â 317</td><td></td><td></td></tr>
</table>
<table id='summary'><thead><tr><th>Class</th><th>Method</th><th>Start</th><th>Time (ms)</th></tr></thead><tbody><tr><th colspan="4">Surefire suite</th></tr></tbody><tbody id="t0"><tr><th colspan="4">Surefire test &#8212; failed (configuration methods)</th></tr><tr class="failedeven"><td rowspan="2">test.UserAccessTest</td><td><a href="#m0">closeBrowser</a></td><td rowspan="1">1608122242087</td><td rowspan="1">0</td></tr><tr class="failedeven"><td><a href="#m1">setBrowserOptions</a></td><td rowspan="1">1608121639694</td><td rowspan="1">601767</td></tr><tr><th colspan="4">Surefire test &#8212; skipped</th></tr><tr class="skippedeven"><td rowspan="1">test.TestPageObjectWebDriver</td><td><a href="#m2">TestPriceOfProductAndDeliveringInCart</a></td><td rowspan="1">1608122241495</td><td rowspan="1">0</td></tr><tr class="skippedodd"><td rowspan="1">test.UserAccessTest</td><td><a href="#m3">userCanLoginTest</a></td><td rowspan="1">1608122241498</td><td rowspan="1">0</td></tr></tbody>
</table>
<h2>Surefire test</h2><h3 id="m0">test.UserAccessTest#closeBrowser</h3><table class="result"><tr><th>Exception</th></tr><tr><td><div class="stacktrace">java.lang.NullPointerException
	at test.UserAccessTest.closeBrowser(UserAccessTest.java:49)
... Removed 29 stack frames</div></td></tr></table><p class="totop"><a href="#summary">back to summary</a></p>
<h3 id="m1">test.UserAccessTest#setBrowserOptions</h3><table class="result"><tr><th>Exception</th></tr><tr><td><div class="stacktrace">org.openqa.selenium.SessionNotCreatedException: session not created
from timeout: Timed out receiving message from renderer: 600.000
  (Session info: chrome=87.0.4280.88)
Build info: version: &apos;3.141.59&apos;, revision: &apos;e82be7d358&apos;, time: &apos;2018-11-14T08:17:03&apos;
System info: host: &apos;MSI&apos;, ip: &apos;192.168.137.1&apos;, os.name: &apos;Windows 10&apos;, os.arch: &apos;amd64&apos;, os.version: &apos;10.0&apos;, java.version: &apos;11.0.8&apos;
Driver info: driver.version: ChromeDriver
remote stacktrace: Backtrace:
	Ordinal0 [0x007FC0C3+3326147]
	Ordinal0 [0x006E0851+2164817]
	Ordinal0 [0x00567298+619160]
	Ordinal0 [0x0055B17F+569727]
	Ordinal0 [0x0055A421+566305]
	Ordinal0 [0x0055A815+567317]
	Ordinal0 [0x0055A135+565557]
	Ordinal0 [0x0055FEF0+589552]
	Ordinal0 [0x0055A0F1+565489]
	Ordinal0 [0x0055AEA2+568994]
	Ordinal0 [0x0055A421+566305]
	Ordinal0 [0x0055A815+567317]
	Ordinal0 [0x0055A135+565557]
	Ordinal0 [0x0055F075+585845]
	Ordinal0 [0x0055A0F1+565489]
	Ordinal0 [0x0055AEA2+568994]
	Ordinal0 [0x0055A421+566305]
	Ordinal0 [0x0055A815+567317]
	Ordinal0 [0x0055A135+565557]
	Ordinal0 [0x00556776+550774]
	Ordinal0 [0x0055A0F1+565489]
	Ordinal0 [0x00559F13+565011]
	Ordinal0 [0x00559D07+564487]
	Ordinal0 [0x005682C0+623296]
	Ordinal0 [0x00506BDD+224221]
	Ordinal0 [0x00505CAC+220332]
	Ordinal0 [0x0050189B+202907]
	Ordinal0 [0x004E3DF4+81396]
	Ordinal0 [0x004E4DEE+85486]
	Ordinal0 [0x004E4D79+85369]
	Ordinal0 [0x006F85DC+2262492]
	GetHandleVerifier [0x00982874+1487204]
	GetHandleVerifier [0x009823CD+1486013]
	GetHandleVerifier [0x0098A368+1518680]
	GetHandleVerifier [0x00982F4E+1488958]
	Ordinal0 [0x006EED0D+2223373]
	Ordinal0 [0x006FA12B+2269483]
	Ordinal0 [0x006FA26F+2269807]
	Ordinal0 [0x0070ECB8+2354360]
	BaseThreadInitThunk [0x77C2FA29+25]
	RtlGetAppContainerNamedObjectPath [0x77E375F4+228]
	RtlGetAppContainerNamedObjectPath [0x77E375C4+180]

	at org.openqa.selenium.remote.W3CHandshakeResponse.lambda$errorHandler$0(W3CHandshakeResponse.java:62)
	at org.openqa.selenium.remote.HandshakeResponse.lambda$getResponseFunction$0(HandshakeResponse.java:30)
	at org.openqa.selenium.remote.ProtocolHandshake.lambda$createSession$0(ProtocolHandshake.java:126)
	at java.base/java.util.stream.ReferencePipeline$3$1.accept(ReferencePipeline.java:195)
	at java.base/java.util.Spliterators$ArraySpliterator.tryAdvance(Spliterators.java:958)
	at java.base/java.util.stream.ReferencePipeline.forEachWithCancel(ReferencePipeline.java:127)
	at java.base/java.util.stream.AbstractPipeline.copyIntoWithCancel(AbstractPipeline.java:502)
	at java.base/java.util.stream.AbstractPipeline.copyInto(AbstractPipeline.java:488)
	at java.base/java.util.stream.AbstractPipeline.wrapAndCopyInto(AbstractPipeline.java:474)
	at java.base/java.util.stream.FindOps$FindOp.evaluateSequential(FindOps.java:150)
	at java.base/java.util.stream.AbstractPipeline.evaluate(AbstractPipeline.java:234)
	at java.base/java.util.stream.ReferencePipeline.findFirst(ReferencePipeline.java:543)
	at org.openqa.selenium.remote.ProtocolHandshake.createSession(ProtocolHandshake.java:128)
	at org.openqa.selenium.remote.ProtocolHandshake.createSession(ProtocolHandshake.java:74)
	at org.openqa.selenium.remote.HttpCommandExecutor.execute(HttpCommandExecutor.java:136)
	at org.openqa.selenium.remote.service.DriverCommandExecutor.execute(DriverCommandExecutor.java:83)
	at org.openqa.selenium.remote.RemoteWebDriver.execute(RemoteWebDriver.java:552)
	at org.openqa.selenium.remote.RemoteWebDriver.startSession(RemoteWebDriver.java:213)
	at org.openqa.selenium.remote.RemoteWebDriver.&lt;init&gt;(RemoteWebDriver.java:131)
	at org.openqa.selenium.chrome.ChromeDriver.&lt;init&gt;(ChromeDriver.java:181)
	at org.openqa.selenium.chrome.ChromeDriver.&lt;init&gt;(ChromeDriver.java:168)
	at org.openqa.selenium.chrome.ChromeDriver.&lt;init&gt;(ChromeDriver.java:157)
	at test.UserAccessTest.setBrowserOptions(UserAccessTest.java:33)
... Removed 33 stack frames</div></td></tr></table><p class="totop"><a href="#summary">back to summary</a></p>
<h3 id="m2">test.TestPageObjectWebDriver#TestPriceOfProductAndDeliveringInCart</h3><table class="result"><tr><th>Exception</th></tr><tr><td><div class="stacktrace">org.openqa.selenium.SessionNotCreatedException: session not created
from timeout: Timed out receiving message from renderer: 600.000
  (Session info: chrome=87.0.4280.88)
Build info: version: &apos;3.141.59&apos;, revision: &apos;e82be7d358&apos;, time: &apos;2018-11-14T08:17:03&apos;
System info: host: &apos;MSI&apos;, ip: &apos;192.168.137.1&apos;, os.name: &apos;Windows 10&apos;, os.arch: &apos;amd64&apos;, os.version: &apos;10.0&apos;, java.version: &apos;11.0.8&apos;
Driver info: driver.version: ChromeDriver
remote stacktrace: Backtrace:
	Ordinal0 [0x007FC0C3+3326147]
	Ordinal0 [0x006E0851+2164817]
	Ordinal0 [0x00567298+619160]
	Ordinal0 [0x0055B17F+569727]
	Ordinal0 [0x0055A421+566305]
	Ordinal0 [0x0055A815+567317]
	Ordinal0 [0x0055A135+565557]
	Ordinal0 [0x0055FEF0+589552]
	Ordinal0 [0x0055A0F1+565489]
	Ordinal0 [0x0055AEA2+568994]
	Ordinal0 [0x0055A421+566305]
	Ordinal0 [0x0055A815+567317]
	Ordinal0 [0x0055A135+565557]
	Ordinal0 [0x0055F075+585845]
	Ordinal0 [0x0055A0F1+565489]
	Ordinal0 [0x0055AEA2+568994]
	Ordinal0 [0x0055A421+566305]
	Ordinal0 [0x0055A815+567317]
	Ordinal0 [0x0055A135+565557]
	Ordinal0 [0x00556776+550774]
	Ordinal0 [0x0055A0F1+565489]
	Ordinal0 [0x00559F13+565011]
	Ordinal0 [0x00559D07+564487]
	Ordinal0 [0x005682C0+623296]
	Ordinal0 [0x00506BDD+224221]
	Ordinal0 [0x00505CAC+220332]
	Ordinal0 [0x0050189B+202907]
	Ordinal0 [0x004E3DF4+81396]
	Ordinal0 [0x004E4DEE+85486]
	Ordinal0 [0x004E4D79+85369]
	Ordinal0 [0x006F85DC+2262492]
	GetHandleVerifier [0x00982874+1487204]
	GetHandleVerifier [0x009823CD+1486013]
	GetHandleVerifier [0x0098A368+1518680]
	GetHandleVerifier [0x00982F4E+1488958]
	Ordinal0 [0x006EED0D+2223373]
	Ordinal0 [0x006FA12B+2269483]
	Ordinal0 [0x006FA26F+2269807]
	Ordinal0 [0x0070ECB8+2354360]
	BaseThreadInitThunk [0x77C2FA29+25]
	RtlGetAppContainerNamedObjectPath [0x77E375F4+228]
	RtlGetAppContainerNamedObjectPath [0x77E375C4+180]

	at org.openqa.selenium.remote.W3CHandshakeResponse.lambda$errorHandler$0(W3CHandshakeResponse.java:62)
	at org.openqa.selenium.remote.HandshakeResponse.lambda$getResponseFunction$0(HandshakeResponse.java:30)
	at org.openqa.selenium.remote.ProtocolHandshake.lambda$createSession$0(ProtocolHandshake.java:126)
	at java.base/java.util.stream.ReferencePipeline$3$1.accept(ReferencePipeline.java:195)
	at java.base/java.util.Spliterators$ArraySpliterator.tryAdvance(Spliterators.java:958)
	at java.base/java.util.stream.ReferencePipeline.forEachWithCancel(ReferencePipeline.java:127)
	at java.base/java.util.stream.AbstractPipeline.copyIntoWithCancel(AbstractPipeline.java:502)
	at java.base/java.util.stream.AbstractPipeline.copyInto(AbstractPipeline.java:488)
	at java.base/java.util.stream.AbstractPipeline.wrapAndCopyInto(AbstractPipeline.java:474)
	at java.base/java.util.stream.FindOps$FindOp.evaluateSequential(FindOps.java:150)
	at java.base/java.util.stream.AbstractPipeline.evaluate(AbstractPipeline.java:234)
	at java.base/java.util.stream.ReferencePipeline.findFirst(ReferencePipeline.java:543)
	at org.openqa.selenium.remote.ProtocolHandshake.createSession(ProtocolHandshake.java:128)
	at org.openqa.selenium.remote.ProtocolHandshake.createSession(ProtocolHandshake.java:74)
	at org.openqa.selenium.remote.HttpCommandExecutor.execute(HttpCommandExecutor.java:136)
	at org.openqa.selenium.remote.service.DriverCommandExecutor.execute(DriverCommandExecutor.java:83)
	at org.openqa.selenium.remote.RemoteWebDriver.execute(RemoteWebDriver.java:552)
	at org.openqa.selenium.remote.RemoteWebDriver.startSession(RemoteWebDriver.java:213)
	at org.openqa.selenium.remote.RemoteWebDriver.&lt;init&gt;(RemoteWebDriver.java:131)
	at org.openqa.selenium.chrome.ChromeDriver.&lt;init&gt;(ChromeDriver.java:181)
	at org.openqa.selenium.chrome.ChromeDriver.&lt;init&gt;(ChromeDriver.java:168)
	at org.openqa.selenium.chrome.ChromeDriver.&lt;init&gt;(ChromeDriver.java:157)
	at test.UserAccessTest.setBrowserOptions(UserAccessTest.java:33)
... Removed 33 stack frames</div></td></tr></table><p class="totop"><a href="#summary">back to summary</a></p>
<h3 id="m3">test.UserAccessTest#userCanLoginTest</h3><table class="result"><tr><th>Exception</th></tr><tr><td><div class="stacktrace">org.openqa.selenium.SessionNotCreatedException: session not created
from timeout: Timed out receiving message from renderer: 600.000
  (Session info: chrome=87.0.4280.88)
Build info: version: &apos;3.141.59&apos;, revision: &apos;e82be7d358&apos;, time: &apos;2018-11-14T08:17:03&apos;
System info: host: &apos;MSI&apos;, ip: &apos;192.168.137.1&apos;, os.name: &apos;Windows 10&apos;, os.arch: &apos;amd64&apos;, os.version: &apos;10.0&apos;, java.version: &apos;11.0.8&apos;
Driver info: driver.version: ChromeDriver
remote stacktrace: Backtrace:
	Ordinal0 [0x007FC0C3+3326147]
	Ordinal0 [0x006E0851+2164817]
	Ordinal0 [0x00567298+619160]
	Ordinal0 [0x0055B17F+569727]
	Ordinal0 [0x0055A421+566305]
	Ordinal0 [0x0055A815+567317]
	Ordinal0 [0x0055A135+565557]
	Ordinal0 [0x0055FEF0+589552]
	Ordinal0 [0x0055A0F1+565489]
	Ordinal0 [0x0055AEA2+568994]
	Ordinal0 [0x0055A421+566305]
	Ordinal0 [0x0055A815+567317]
	Ordinal0 [0x0055A135+565557]
	Ordinal0 [0x0055F075+585845]
	Ordinal0 [0x0055A0F1+565489]
	Ordinal0 [0x0055AEA2+568994]
	Ordinal0 [0x0055A421+566305]
	Ordinal0 [0x0055A815+567317]
	Ordinal0 [0x0055A135+565557]
	Ordinal0 [0x00556776+550774]
	Ordinal0 [0x0055A0F1+565489]
	Ordinal0 [0x00559F13+565011]
	Ordinal0 [0x00559D07+564487]
	Ordinal0 [0x005682C0+623296]
	Ordinal0 [0x00506BDD+224221]
	Ordinal0 [0x00505CAC+220332]
	Ordinal0 [0x0050189B+202907]
	Ordinal0 [0x004E3DF4+81396]
	Ordinal0 [0x004E4DEE+85486]
	Ordinal0 [0x004E4D79+85369]
	Ordinal0 [0x006F85DC+2262492]
	GetHandleVerifier [0x00982874+1487204]
	GetHandleVerifier [0x009823CD+1486013]
	GetHandleVerifier [0x0098A368+1518680]
	GetHandleVerifier [0x00982F4E+1488958]
	Ordinal0 [0x006EED0D+2223373]
	Ordinal0 [0x006FA12B+2269483]
	Ordinal0 [0x006FA26F+2269807]
	Ordinal0 [0x0070ECB8+2354360]
	BaseThreadInitThunk [0x77C2FA29+25]
	RtlGetAppContainerNamedObjectPath [0x77E375F4+228]
	RtlGetAppContainerNamedObjectPath [0x77E375C4+180]

	at org.openqa.selenium.remote.W3CHandshakeResponse.lambda$errorHandler$0(W3CHandshakeResponse.java:62)
	at org.openqa.selenium.remote.HandshakeResponse.lambda$getResponseFunction$0(HandshakeResponse.java:30)
	at org.openqa.selenium.remote.ProtocolHandshake.lambda$createSession$0(ProtocolHandshake.java:126)
	at java.base/java.util.stream.ReferencePipeline$3$1.accept(ReferencePipeline.java:195)
	at java.base/java.util.Spliterators$ArraySpliterator.tryAdvance(Spliterators.java:958)
	at java.base/java.util.stream.ReferencePipeline.forEachWithCancel(ReferencePipeline.java:127)
	at java.base/java.util.stream.AbstractPipeline.copyIntoWithCancel(AbstractPipeline.java:502)
	at java.base/java.util.stream.AbstractPipeline.copyInto(AbstractPipeline.java:488)
	at java.base/java.util.stream.AbstractPipeline.wrapAndCopyInto(AbstractPipeline.java:474)
	at java.base/java.util.stream.FindOps$FindOp.evaluateSequential(FindOps.java:150)
	at java.base/java.util.stream.AbstractPipeline.evaluate(AbstractPipeline.java:234)
	at java.base/java.util.stream.ReferencePipeline.findFirst(ReferencePipeline.java:543)
	at org.openqa.selenium.remote.ProtocolHandshake.createSession(ProtocolHandshake.java:128)
	at org.openqa.selenium.remote.ProtocolHandshake.createSession(ProtocolHandshake.java:74)
	at org.openqa.selenium.remote.HttpCommandExecutor.execute(HttpCommandExecutor.java:136)
	at org.openqa.selenium.remote.service.DriverCommandExecutor.execute(DriverCommandExecutor.java:83)
	at org.openqa.selenium.remote.RemoteWebDriver.execute(RemoteWebDriver.java:552)
	at org.openqa.selenium.remote.RemoteWebDriver.startSession(RemoteWebDriver.java:213)
	at org.openqa.selenium.remote.RemoteWebDriver.&lt;init&gt;(RemoteWebDriver.java:131)
	at org.openqa.selenium.chrome.ChromeDriver.&lt;init&gt;(ChromeDriver.java:181)
	at org.openqa.selenium.chrome.ChromeDriver.&lt;init&gt;(ChromeDriver.java:168)
	at org.openqa.selenium.chrome.ChromeDriver.&lt;init&gt;(ChromeDriver.java:157)
	at test.UserAccessTest.setBrowserOptions(UserAccessTest.java:33)
... Removed 33 stack frames</div></td></tr></table><p class="totop"><a href="#summary">back to summary</a></p>
</body>
</html>
