-------------------------------------------------------------------------------
Test set: TestSuite
-------------------------------------------------------------------------------
Tests run: 2, Failures: 1, Errors: 0, Skipped: 0, Time elapsed: 37.013 s <<< FAILURE! - in TestSuite
TestPriceOfProductAndDeliveringInCart(test.TestPageObjectWebDriver)  Time elapsed: 16.947 s  <<< FAILURE!
java.lang.AssertionError: 
The following asserts failed:
	expected [53.74] but found [11.36]
	at test.TestPageObjectWebDriver.TestPriceOfProductAndDeliveringInCart(TestPageObjectWebDriver.java:48)

