<?xml version="1.0" encoding="UTF-8"?>
<testng-results ignored="0" total="2" passed="1" failed="1" skipped="0">
  <reporter-output>
  </reporter-output>
  <suite started-at="2020-12-16T16:43:44 MSK" name="Surefire suite" finished-at="2020-12-16T16:44:20 MSK" duration-ms="36372">
    <groups>
    </groups>
    <test started-at="2020-12-16T16:43:44 MSK" name="Surefire test" finished-at="2020-12-16T16:44:20 MSK" duration-ms="36372">
      <class name="test.TestPageObjectWebDriver">
        <test-method is-config="true" signature="setBrowserOptions()[pri:0, instance:test.TestPageObjectWebDriver@7e07db1f]" started-at="2020-12-16T16:43:44 MSK" name="setBrowserOptions" finished-at="2020-12-16T16:43:47 MSK" duration-ms="3125" status="PASS">
          <reporter-output>
          </reporter-output>
        </test-method> <!-- setBrowserOptions -->
        <test-method signature="TestPriceOfProductAndDeliveringInCart()[pri:0, instance:test.TestPageObjectWebDriver@7e07db1f]" started-at="2020-12-16T16:43:50 MSK" name="TestPriceOfProductAndDeliveringInCart" finished-at="2020-12-16T16:44:07 MSK" duration-ms="16938" status="FAIL">
          <exception class="java.lang.AssertionError">
            <message>
              <![CDATA[The following asserts failed:
expected [53.74] but found [11.36]]]>
            </message>
            <full-stacktrace>
              <![CDATA[java.lang.AssertionError: The following asserts failed:
expected [53.74] but found [11.36]
at org.testng.asserts.SoftAssert.assertAll(SoftAssert.java:47)
at org.testng.asserts.SoftAssert.assertAll(SoftAssert.java:31)
at test.TestPageObjectWebDriver.TestPriceOfProductAndDeliveringInCart(TestPageObjectWebDriver.java:48)
at java.base/jdk.internal.reflect.NativeMethodAccessorImpl.invoke0(Native Method)
at java.base/jdk.internal.reflect.NativeMethodAccessorImpl.invoke(NativeMethodAccessorImpl.java:62)
at java.base/jdk.internal.reflect.DelegatingMethodAccessorImpl.invoke(DelegatingMethodAccessorImpl.java:43)
at java.base/java.lang.reflect.Method.invoke(Method.java:566)
at org.testng.internal.MethodInvocationHelper.invokeMethod(MethodInvocationHelper.java:132)
at org.testng.internal.TestInvoker.invokeMethod(TestInvoker.java:599)
at org.testng.internal.TestInvoker.invokeTestMethod(TestInvoker.java:174)
at org.testng.internal.MethodRunner.runInSequence(MethodRunner.java:46)
at org.testng.internal.TestInvoker$MethodInvocationAgent.invoke(TestInvoker.java:822)
at org.testng.internal.TestInvoker.invokeTestMethods(TestInvoker.java:147)
at org.testng.internal.TestMethodWorker.invokeTestMethods(TestMethodWorker.java:146)
at org.testng.internal.TestMethodWorker.run(TestMethodWorker.java:128)
at java.base/java.util.ArrayList.forEach(ArrayList.java:1541)
at org.testng.TestRunner.privateRun(TestRunner.java:764)
at org.testng.TestRunner.run(TestRunner.java:585)
at org.testng.SuiteRunner.runTest(SuiteRunner.java:384)
at org.testng.SuiteRunner.runSequentially(SuiteRunner.java:378)
at org.testng.SuiteRunner.privateRun(SuiteRunner.java:337)
at org.testng.SuiteRunner.run(SuiteRunner.java:286)
at org.testng.SuiteRunnerWorker.runSuite(SuiteRunnerWorker.java:53)
at org.testng.SuiteRunnerWorker.run(SuiteRunnerWorker.java:96)
at org.testng.TestNG.runSuitesSequentially(TestNG.java:1218)
at org.testng.TestNG.runSuitesLocally(TestNG.java:1140)
at org.testng.TestNG.runSuites(TestNG.java:1069)
at org.testng.TestNG.run(TestNG.java:1037)
at org.apache.maven.surefire.testng.TestNGExecutor.run(TestNGExecutor.java:135)
at org.apache.maven.surefire.testng.TestNGDirectoryTestSuite.executeMulti(TestNGDirectoryTestSuite.java:193)
at org.apache.maven.surefire.testng.TestNGDirectoryTestSuite.execute(TestNGDirectoryTestSuite.java:94)
at org.apache.maven.surefire.testng.TestNGProvider.invoke(TestNGProvider.java:146)
at org.apache.maven.surefire.booter.ForkedBooter.invokeProviderInSameClassLoader(ForkedBooter.java:384)
at org.apache.maven.surefire.booter.ForkedBooter.runSuitesInProcess(ForkedBooter.java:345)
at org.apache.maven.surefire.booter.ForkedBooter.execute(ForkedBooter.java:126)
at org.apache.maven.surefire.booter.ForkedBooter.main(ForkedBooter.java:418)
]]>
            </full-stacktrace>
          </exception> <!-- java.lang.AssertionError -->
          <reporter-output>
          </reporter-output>
        </test-method> <!-- TestPriceOfProductAndDeliveringInCart -->
        <test-method is-config="true" signature="closeBrowser()[pri:0, instance:test.TestPageObjectWebDriver@7e07db1f]" started-at="2020-12-16T16:44:18 MSK" name="closeBrowser" finished-at="2020-12-16T16:44:19 MSK" duration-ms="891" status="PASS">
          <reporter-output>
          </reporter-output>
        </test-method> <!-- closeBrowser -->
      </class> <!-- test.TestPageObjectWebDriver -->
      <class name="test.UserAccessTest">
        <test-method is-config="true" signature="setBrowserOptions()[pri:0, instance:test.UserAccessTest@1189dd52]" started-at="2020-12-16T16:43:47 MSK" name="setBrowserOptions" finished-at="2020-12-16T16:43:50 MSK" duration-ms="2818" status="PASS">
          <reporter-output>
          </reporter-output>
        </test-method> <!-- setBrowserOptions -->
        <test-method signature="userCanLoginTest()[pri:0, instance:test.UserAccessTest@1189dd52]" started-at="2020-12-16T16:44:07 MSK" name="userCanLoginTest" finished-at="2020-12-16T16:44:18 MSK" duration-ms="11642" status="PASS">
          <reporter-output>
          </reporter-output>
        </test-method> <!-- userCanLoginTest -->
        <test-method is-config="true" signature="closeBrowser()[pri:0, instance:test.UserAccessTest@1189dd52]" started-at="2020-12-16T16:44:19 MSK" name="closeBrowser" finished-at="2020-12-16T16:44:20 MSK" duration-ms="856" status="PASS">
          <reporter-output>
          </reporter-output>
        </test-method> <!-- closeBrowser -->
      </class> <!-- test.UserAccessTest -->
    </test> <!-- Surefire test -->
  </suite> <!-- Surefire suite -->
</testng-results>
